<?xml version="1.0" encoding="UTF-8"?>
<!-- Generated by org.testng.reporters.JUnitXMLReporter -->
<testsuite ignored="4" hostname="Vedant-Honor" failures="0" tests="2" name="Default test" time="16.824" errors="0" timestamp="2024-05-21T09:45:05 BST">
  <testcase classname="shopperstack.testcases.Login" name="verifyLoginWithValidCredentials" time="4.186"/>
  <testcase classname="shopperstack.testcases.Login" name="verifyLoginWithValidCredentials" time="3.804"/>
  <testcase classname="shopperstack.testcases.Login" name="verifyLoginWithoutProvidingCredentials" time="0.0">
    <ignored/>
  </testcase> <!-- verifyLoginWithoutProvidingCredentials -->
  <testcase classname="shopperstack.testcases.Login" name="verifyLoginWithInvalidEmailAndValidPassword" time="0.0">
    <ignored/>
  </testcase> <!-- verifyLoginWithInvalidEmailAndValidPassword -->
  <testcase classname="shopperstack.testcases.Login" name="verifyLoginWithValidEmailAndInvalidPassword" time="0.0">
    <ignored/>
  </testcase> <!-- verifyLoginWithValidEmailAndInvalidPassword -->
  <testcase classname="shopperstack.testcases.Login" name="verifyLoginWithInvalidEmailandPassword" time="0.0">
    <ignored/>
  </testcase> <!-- verifyLoginWithInvalidEmailandPassword -->
</testsuite> <!-- Default test -->
