<?xml version="1.0" encoding="UTF-8"?>
<!-- Generated by org.testng.reporters.JUnitXMLReporter -->
<testsuite ignored="0" hostname="Vedant-Honor" failures="0" tests="2" name="Default test" time="29.94" errors="0" timestamp="2024-05-17T17:35:16 BST">
  <testcase classname="shopperstack.testcases.Register" name="verifyRegisteringAnAccountWithMandatoryFields" time="2.288"/>
  <testcase classname="shopperstack.testcases.Register" name="verifypasswordMisMatchs" time="12.224"/>
</testsuite> <!-- Default test -->
