<?xml version="1.0" encoding="UTF-8"?>
<!-- Generated by org.testng.reporters.JUnitXMLReporter -->
<testsuite ignored="0" hostname="Vedant-Honor" failures="0" tests="16" name="ShoppersStack1 Tests" time="259.259" errors="0" timestamp="2024-06-03T11:33:58 BST">
  <testcase classname="shopperstack.Payment.Payment" name="paymentProduct" time="45.32"/>
  <testcase classname="shopperstack.LoginTest.LoginwithInvalidCredentials" name="verifyLoginWithInvalidEmailandPassword" time="5.154"/>
  <testcase classname="shopperstack.LoginTest.LoginwithInvalidEmailAndValidPassword" name="verifyLoginWithInvalidEmailAndValidPassword" time="5.385"/>
  <testcase classname="shopperstack.LoginTest.LoginwithValidCredential" name="verifyLoginWithValidCredentials" time="5.609"/>
  <testcase classname="shopperstack.LoginTest.LoginwithValidCredential" name="verifyLoginWithValidCredentials" time="1.894"/>
  <testcase classname="shopperstack.LoginTest.LoginwithValidEmailAndInvalidPassword" name="verifyLoginWithValidEmailAndInvalidPassword" time="2.822"/>
  <testcase classname="shopperstack.LoginTest.LoginWithoutProvidingCredentials" name="verifyLoginWithoutProvidingCredentials" time="4.141"/>
  <testcase classname="shopperstack.RegisterTest.RegisteringAnAccountWithMandatoryFields" name="verifyRegisteringAnAccountWithMandatoryFields" time="5.437"/>
  <testcase classname="shopperstack.RegisterTest.RegisterpasswordMisMatchs" name="verifypasswordMisMatchs" time="6.396"/>
  <testcase classname="shopperstack.SearchTest.SearchWithInvalidProduct" name="verifySearchWithInvalidProduct" time="3.214"/>
  <testcase classname="shopperstack.SearchTest.SearchWithValidProduct" name="verifySearchWithValidProduct" time="10.796"/>
  <testcase classname="shopperstack.ProductCategory.beautyCategory" name="ClickBeautyCategoryLink" time="16.506"/>
  <testcase classname="shopperstack.ProductCategory.kidsCategory" name="ClickKidsCategoryLink" time="10.504"/>
  <testcase classname="shopperstack.ProductCategory.MenCategory" name="ClickMenCategoryLink" time="6.546"/>
  <testcase classname="shopperstack.ProductCategory.womanCategory" name="ClickwomanCategoryLink" time="7.668"/>
  <testcase classname="shopperstack.BuyProducts.buyProducts" name="buyNowButton" time="28.736"/>
</testsuite> <!-- ShoppersStack1 Tests -->
