<?xml version="1.0" encoding="UTF-8"?>
<!-- Generated by org.testng.reporters.JUnitXMLReporter -->
<testsuite ignored="0" hostname="Vedant-Honor" failures="0" tests="9" name="ShoppersStack Test" time="105.97" errors="0" timestamp="2024-05-18T10:24:58 BST">
  <testcase classname="shopperstack.testcases.Register" name="verifyRegisteringAnAccountWithMandatoryFields" time="2.212"/>
  <testcase classname="shopperstack.testcases.Register" name="verifypasswordMisMatchs" time="7.389"/>
  <testcase classname="shopperstack.testcases.Login" name="verifyLoginWithValidCredentials" time="1.53"/>
  <testcase classname="shopperstack.testcases.Login" name="verifyLoginWithValidCredentials" time="1.797"/>
  <testcase classname="shopperstack.testcases.Login" name="verifyLoginWithValidEmailAndInvalidPassword" time="4.269"/>
  <testcase classname="shopperstack.testcases.Login" name="verifyLoginWithInvalidEmailAndValidPassword" time="4.487"/>
  <testcase classname="shopperstack.testcases.Login" name="verifyLoginWithInvalidEmailandPassword" time="4.695"/>
  <testcase classname="shopperstack.testcases.Login" name="verifyLoginWithoutProvidingCredentials" time="0.596"/>
  <testcase classname="shopperstack.testcases.Search" name="verifySearchWithValidProduct" time="8.477"/>
</testsuite> <!-- ShoppersStack Test -->
