<?xml version="1.0" encoding="UTF-8"?>
<testng-results ignored="0" total="1" passed="1" failed="0" skipped="0">
  <reporter-output>
    <line>
      <![CDATA[Successfully Launched Chrome Browser]]>
    </line>
    <line>
      <![CDATA[Browser window is maximized successfully]]>
    </line>
    <line>
      <![CDATA[login Successfull]]>
    </line>
  </reporter-output>
  <suite started-at="2024-05-27T23:02:47 BST" name="Default suite" finished-at="2024-05-27T23:03:04 BST" duration-ms="16616">
    <groups>
    </groups>
    <test started-at="2024-05-27T23:02:47 BST" name="Default test" finished-at="2024-05-27T23:03:04 BST" duration-ms="16616">
      <class name="shopperstack.BuyProducts.buyProducts">
        <test-method is-config="true" signature="setUp()[pri:0, instance:shopperstack.BuyProducts.buyProducts@4e7912d8]" started-at="2024-05-27T23:02:47 BST" name="setUp" finished-at="2024-05-27T23:02:50 BST" duration-ms="2492" status="PASS">
          <reporter-output>
            <line>
              <![CDATA[Successfully Launched Chrome Browser]]>
            </line>
            <line>
              <![CDATA[Browser window is maximized successfully]]>
            </line>
          </reporter-output>
        </test-method> <!-- setUp -->
        <test-method signature="buyNowButton()[pri:0, instance:shopperstack.BuyProducts.buyProducts@4e7912d8]" started-at="2024-05-27T23:02:50 BST" name="buyNowButton" finished-at="2024-05-27T23:03:04 BST" duration-ms="13914" status="PASS">
          <reporter-output>
            <line>
              <![CDATA[login Successfull]]>
            </line>
          </reporter-output>
        </test-method> <!-- buyNowButton -->
        <test-method is-config="true" signature="tearDown()[pri:0, instance:shopperstack.BuyProducts.buyProducts@4e7912d8]" started-at="2024-05-27T23:03:04 BST" name="tearDown" finished-at="2024-05-27T23:03:04 BST" duration-ms="185" status="PASS">
          <reporter-output>
          </reporter-output>
        </test-method> <!-- tearDown -->
      </class> <!-- shopperstack.BuyProducts.buyProducts -->
    </test> <!-- Default test -->
  </suite> <!-- Default suite -->
</testng-results>
